<?xml version="1.0" encoding="UTF-8"?>
<!-- Generated by org.testng.reporters.JUnitReportReporter -->
<testsuite hostname="BLR-P7110592L" name="com.toh.wpqa_65_check_for_key_value_category.ConfirmCategoryHasValueRD" tests="1" failures="0" timestamp="27 Jun 2019 09:05:51 GMT" time="62.001" errors="0">
  <testcase name="confirmCategoryHasValueRD_VideoHubPage" time="62.001" classname="com.toh.wpqa_65_check_for_key_value_category.ConfirmCategoryHasValueRD"/>
</testsuite> <!-- com.toh.wpqa_65_check_for_key_value_category.ConfirmCategoryHasValueRD -->
