<?xml version="1.0" encoding="UTF-8"?>
<!-- Generated by org.testng.reporters.JUnitReportReporter -->
<testsuite hostname="BLR-P7110592L" name="com.toh.browserStack.MobileEmulatorInChrome" tests="1" failures="0" timestamp="18 Jun 2019 06:26:32 GMT" time="17.679" errors="0">
  <testcase name="test" time="17.679" classname="com.toh.browserStack.MobileEmulatorInChrome"/>
</testsuite> <!-- com.toh.browserStack.MobileEmulatorInChrome -->
