<?xml version="1.0" encoding="UTF-8"?>
<!-- Generated by org.testng.reporters.JUnitReportReporter -->
<testsuite hostname="BLR-P7110592L" name="com.toh.keyValue.keyValueToh" tests="1" failures="0" timestamp="25 Jun 2019 07:57:40 GMT" time="15.102" errors="0">
  <testcase name="verifyAmazonHeaderBidderIsRunningInAbouTasteofHome" time="15.102" classname="com.toh.keyValue.keyValueToh"/>
</testsuite> <!-- com.toh.keyValue.keyValueToh -->
