<?xml version="1.0" encoding="UTF-8"?>
<!-- Generated by org.testng.reporters.JUnitReportReporter -->
<testsuite hostname="BLR-P7110592L" name="com.toh.wpqa_65_check_for_key_value_keyword.ConfirmKeywordHasValueTOH" tests="8" failures="0" timestamp="28 Jun 2019 12:52:27 GMT" time="465.627" errors="0">
  <testcase name="confirmKeywordHasValueTOH_ArticlePage" time="53.333" classname="com.toh.wpqa_65_check_for_key_value_keyword.ConfirmKeywordHasValueTOH"/>
  <testcase name="confirmKeywordHasValueTOH_ListiclePage" time="62.802" classname="com.toh.wpqa_65_check_for_key_value_keyword.ConfirmKeywordHasValueTOH"/>
  <testcase name="confirmKeywordHasValueTOH_HubPage" time="37.562" classname="com.toh.wpqa_65_check_for_key_value_keyword.ConfirmKeywordHasValueTOH"/>
  <testcase name="confirmKeywordHasValueTOH_AboutPage" time="52.930" classname="com.toh.wpqa_65_check_for_key_value_keyword.ConfirmKeywordHasValueTOH"/>
  <testcase name="confirmKeywordHasValueTOH_HomePage" time="41.728" classname="com.toh.wpqa_65_check_for_key_value_keyword.ConfirmKeywordHasValueTOH"/>
  <testcase name="confirmKeywordHasValueTOH_SlideshowPage" time="68.989" classname="com.toh.wpqa_65_check_for_key_value_keyword.ConfirmKeywordHasValueTOH"/>
  <testcase name="confirmKeywordHasValueTOH_VideoHubPage" time="50.039" classname="com.toh.wpqa_65_check_for_key_value_keyword.ConfirmKeywordHasValueTOH"/>
  <testcase name="confirmKeywordHasValueTOH_RecipeDetailPage" time="98.244" classname="com.toh.wpqa_65_check_for_key_value_keyword.ConfirmKeywordHasValueTOH"/>
</testsuite> <!-- com.toh.wpqa_65_check_for_key_value_keyword.ConfirmKeywordHasValueTOH -->
