<?xml version="1.0" encoding="UTF-8"?>
<!-- Generated by org.testng.reporters.JUnitReportReporter -->
<testsuite hostname="BLR-P7110592L" name="com.toh.RD.VerifyAdAutomationGlobalVariablesInRD" tests="3" failures="0" timestamp="18 Jun 2019 13:29:48 GMT" time="43.330" errors="0">
  <testcase name="verifyPrebidHeaderIsRunningInRD" time="18.681" classname="com.toh.RD.VerifyAdAutomationGlobalVariablesInRD"/>
  <testcase name="verifyAmazonHeaderBidderIsRunningInRD" time="13.580" classname="com.toh.RD.VerifyAdAutomationGlobalVariablesInRD"/>
  <testcase name="verifyTmbi_ad_dataKeyValueInRD" time="11.069" classname="com.toh.RD.VerifyAdAutomationGlobalVariablesInRD"/>
</testsuite> <!-- com.toh.RD.VerifyAdAutomationGlobalVariablesInRD -->
