<?xml version="1.0" encoding="UTF-8"?>
<!-- Generated by org.testng.reporters.JUnitReportReporter -->
<testsuite hostname="BLR-P7110592L" name="com.toh.wpqa_65_check_for_key_value_pos.ConfirmPosHasValueRD" tests="8" failures="0" timestamp="26 Jun 2019 11:04:19 GMT" time="474.397" errors="0">
  <testcase name="confirmPosHasValueRD_HomePage" time="75.926" classname="com.toh.wpqa_65_check_for_key_value_pos.ConfirmPosHasValueRD"/>
  <testcase name="confirmPosHasValueRD_ListiclePage" time="81.282" classname="com.toh.wpqa_65_check_for_key_value_pos.ConfirmPosHasValueRD"/>
  <testcase name="confirmPosHasValueRD_JokeHubPage" time="36.162" classname="com.toh.wpqa_65_check_for_key_value_pos.ConfirmPosHasValueRD"/>
  <testcase name="confirmPosHasValueRD_AboutPage" time="38.717" classname="com.toh.wpqa_65_check_for_key_value_pos.ConfirmPosHasValueRD"/>
  <testcase name="confirmPosHasValueRD_SlideshowPage" time="78.877" classname="com.toh.wpqa_65_check_for_key_value_pos.ConfirmPosHasValueRD"/>
  <testcase name="confirmPosHasValueRD_HubPage" time="36.659" classname="com.toh.wpqa_65_check_for_key_value_pos.ConfirmPosHasValueRD"/>
  <testcase name="confirmPosHasValueRD_ArticlePage" time="47.913" classname="com.toh.wpqa_65_check_for_key_value_pos.ConfirmPosHasValueRD"/>
  <testcase name="confirmPosHasValueRD_VideoHubPage" time="78.861" classname="com.toh.wpqa_65_check_for_key_value_pos.ConfirmPosHasValueRD"/>
</testsuite> <!-- com.toh.wpqa_65_check_for_key_value_pos.ConfirmPosHasValueRD -->
