<?xml version="1.0" encoding="UTF-8"?>
<!-- Generated by org.testng.reporters.JUnitReportReporter -->
<testsuite hostname="BLR-P7111163" name="com.toh.wpqa_65_check_for_key_value_pt.ConfirmURLHasValueTOH" tests="8" failures="0" timestamp="4 Jul 2019 07:48:08 GMT" time="457.828" errors="0">
  <testcase name="confirmURLHasValueTOH_AboutPage" time="51.153" classname="com.toh.wpqa_65_check_for_key_value_pt.ConfirmURLHasValueTOH"/>
  <testcase name="confirmURLHasValueTOH_HomePage" time="40.467" classname="com.toh.wpqa_65_check_for_key_value_pt.ConfirmURLHasValueTOH"/>
  <testcase name="confirmURLHasValueTOH_VideoHubPage" time="55.659" classname="com.toh.wpqa_65_check_for_key_value_pt.ConfirmURLHasValueTOH"/>
  <testcase name="confirmURLHasValueTOH_ArticlePage" time="70.031" classname="com.toh.wpqa_65_check_for_key_value_pt.ConfirmURLHasValueTOH"/>
  <testcase name="confirmURLHasValueTOH_RecipeDetailPage" time="91.258" classname="com.toh.wpqa_65_check_for_key_value_pt.ConfirmURLHasValueTOH"/>
  <testcase name="confirmURLHasValueTOH_SlideshowPage" time="49.042" classname="com.toh.wpqa_65_check_for_key_value_pt.ConfirmURLHasValueTOH"/>
  <testcase name="confirmURLHasValueTOH_ListiclePage" time="59.859" classname="com.toh.wpqa_65_check_for_key_value_pt.ConfirmURLHasValueTOH"/>
  <testcase name="confirmURLHasValueTOH_HubPage" time="40.359" classname="com.toh.wpqa_65_check_for_key_value_pt.ConfirmURLHasValueTOH"/>
</testsuite> <!-- com.toh.wpqa_65_check_for_key_value_pt.ConfirmURLHasValueTOH -->
