<?xml version="1.0" encoding="UTF-8"?>
<!-- Generated by org.testng.reporters.JUnitReportReporter -->
<testsuite skipped="0" hostname="BLR-P7110592L" name="com.toh.testCase.VerifyAdAutomationGlobalVariablesInTOH" tests="1" failures="0" timestamp="11 Jun 2019 14:09:39 GMT" time="19.268" errors="0">
  <testcase name="verifyIndexExchangeHeaderBidderIsRunningInTOH" time="19.268" classname="com.toh.testCase.VerifyAdAutomationGlobalVariablesInTOH"/>
</testsuite> <!-- com.toh.testCase.VerifyAdAutomationGlobalVariablesInTOH -->
