<?xml version="1.0" encoding="UTF-8"?>
<!-- Generated by org.testng.reporters.JUnitReportReporter -->
<testsuite hostname="BLR-P7111163" name="com.toh.wpqa_65_check_for_key_value_pt.ConfirmPTHasValueRD" tests="8" failures="0" timestamp="4 Jul 2019 10:58:49 GMT" time="404.135" errors="0">
  <testcase name="confirmPTHasValueRD_AboutPage" time="52.917" classname="com.toh.wpqa_65_check_for_key_value_pt.ConfirmPTHasValueRD"/>
  <testcase name="confirmPTHasValueRD_SlideshowPage" time="67.923" classname="com.toh.wpqa_65_check_for_key_value_pt.ConfirmPTHasValueRD"/>
  <testcase name="confirmPTHasValueRD_HomePage" time="58.038" classname="com.toh.wpqa_65_check_for_key_value_pt.ConfirmPTHasValueRD"/>
  <testcase name="confirmPTHasValueRD_ListiclePage" time="42.110" classname="com.toh.wpqa_65_check_for_key_value_pt.ConfirmPTHasValueRD"/>
  <testcase name="confirmPTHasValueRD_JokeHubPage" time="37.625" classname="com.toh.wpqa_65_check_for_key_value_pt.ConfirmPTHasValueRD"/>
  <testcase name="confirmPTHasValueRD_VideoHubPage" time="50.922" classname="com.toh.wpqa_65_check_for_key_value_pt.ConfirmPTHasValueRD"/>
  <testcase name="confirmPTHasValueRD_ArticlePage" time="53.332" classname="com.toh.wpqa_65_check_for_key_value_pt.ConfirmPTHasValueRD"/>
  <testcase name="confirmPTHasValueRD_HubPage" time="41.268" classname="com.toh.wpqa_65_check_for_key_value_pt.ConfirmPTHasValueRD"/>
</testsuite> <!-- com.toh.wpqa_65_check_for_key_value_pt.ConfirmPTHasValueRD -->
