<?xml version="1.0" encoding="UTF-8"?>
<!-- Generated by org.testng.reporters.JUnitReportReporter -->
<testsuite hostname="BLR-P7110592L" name="com.toh.wpqa_65_check_for_key_value_category.ConfirmCategoryHasValueTOH" tests="8" failures="0" timestamp="27 Jun 2019 08:35:49 GMT" time="396.322" errors="0">
  <testcase name="confirmCategoryHasValueTOH_HubPage" time="24.483" classname="com.toh.wpqa_65_check_for_key_value_category.ConfirmCategoryHasValueTOH"/>
  <testcase name="confirmCategoryHasValueTOH_RecipeDetailPage" time="47.265" classname="com.toh.wpqa_65_check_for_key_value_category.ConfirmCategoryHasValueTOH"/>
  <testcase name="confirmCategoryHasValueTOH_ListiclePage" time="46.169" classname="com.toh.wpqa_65_check_for_key_value_category.ConfirmCategoryHasValueTOH"/>
  <testcase name="confirmCategoryHasValueTOH_AboutPage" time="43.949" classname="com.toh.wpqa_65_check_for_key_value_category.ConfirmCategoryHasValueTOH"/>
  <testcase name="confirmCategoryHasValueTOH_SlideshowPage" time="48.430" classname="com.toh.wpqa_65_check_for_key_value_category.ConfirmCategoryHasValueTOH"/>
  <testcase name="confirmCategoryHasValueTOH_ArticlePage" time="50.544" classname="com.toh.wpqa_65_check_for_key_value_category.ConfirmCategoryHasValueTOH"/>
  <testcase name="confirmCategoryHasValueTOH_HomePage" time="75.916" classname="com.toh.wpqa_65_check_for_key_value_category.ConfirmCategoryHasValueTOH"/>
  <testcase name="confirmCategoryHasValueTOH_VideoHubPage" time="59.566" classname="com.toh.wpqa_65_check_for_key_value_category.ConfirmCategoryHasValueTOH"/>
</testsuite> <!-- com.toh.wpqa_65_check_for_key_value_category.ConfirmCategoryHasValueTOH -->
