<?xml version="1.0" encoding="UTF-8"?>
<!-- Generated by org.testng.reporters.JUnitReportReporter -->
<testsuite hostname="BLR-P7110592L" name="com.toh.wpqa_65_check_for_key_value_url.ConfirmURLHasValueTOH" tests="8" failures="0" timestamp="2 Jul 2019 10:44:58 GMT" time="492.898" errors="0">
  <testcase name="confirmURLHasValueTOH_VideoHubPage" time="82.040" classname="com.toh.wpqa_65_check_for_key_value_url.ConfirmURLHasValueTOH"/>
  <testcase name="confirmURLHasValueTOH_HubPage" time="39.878" classname="com.toh.wpqa_65_check_for_key_value_url.ConfirmURLHasValueTOH"/>
  <testcase name="confirmURLHasValueTOH_SlideshowPage" time="50.031" classname="com.toh.wpqa_65_check_for_key_value_url.ConfirmURLHasValueTOH"/>
  <testcase name="confirmURLHasValueTOH_HomePage" time="45.331" classname="com.toh.wpqa_65_check_for_key_value_url.ConfirmURLHasValueTOH"/>
  <testcase name="confirmURLHasValueTOH_RecipeDetailPage" time="95.191" classname="com.toh.wpqa_65_check_for_key_value_url.ConfirmURLHasValueTOH"/>
  <testcase name="confirmURLHasValueTOH_ArticlePage" time="55.399" classname="com.toh.wpqa_65_check_for_key_value_url.ConfirmURLHasValueTOH"/>
  <testcase name="confirmURLHasValueTOH_ListiclePage" time="61.451" classname="com.toh.wpqa_65_check_for_key_value_url.ConfirmURLHasValueTOH"/>
  <testcase name="confirmURLHasValueTOH_AboutPage" time="63.577" classname="com.toh.wpqa_65_check_for_key_value_url.ConfirmURLHasValueTOH"/>
</testsuite> <!-- com.toh.wpqa_65_check_for_key_value_url.ConfirmURLHasValueTOH -->
