<?xml version="1.0" encoding="UTF-8"?>
<!-- Generated by org.testng.reporters.JUnitReportReporter -->
<testsuite hostname="BLR-P7111163" name="com.toh.wpqa_65_check_for_key_value_pt.ConfirmPTHasValueFHM" tests="8" failures="0" timestamp="4 Jul 2019 10:58:49 GMT" time="362.281" errors="0">
  <testcase name="confirmPTHasValueFHM_ListiclePage" time="59.427" classname="com.toh.wpqa_65_check_for_key_value_pt.ConfirmPTHasValueFHM"/>
  <testcase name="confirmPTHasValueFHM_JokeHubPage" time="61.008" classname="com.toh.wpqa_65_check_for_key_value_pt.ConfirmPTHasValueFHM"/>
  <testcase name="confirmPTHasValueFHM_VideoHubPage" time="41.265" classname="com.toh.wpqa_65_check_for_key_value_pt.ConfirmPTHasValueFHM"/>
  <testcase name="confirmPTHasValueFHM_ContactUsPage" time="46.996" classname="com.toh.wpqa_65_check_for_key_value_pt.ConfirmPTHasValueFHM"/>
  <testcase name="confirmPTHasValueFHM_ArticlePage" time="30.785" classname="com.toh.wpqa_65_check_for_key_value_pt.ConfirmPTHasValueFHM"/>
  <testcase name="confirmPTHasValueFHM_SlideshowPage" time="47.997" classname="com.toh.wpqa_65_check_for_key_value_pt.ConfirmPTHasValueFHM"/>
  <testcase name="confirmPTHasValueFHM_HomePage" time="38.266" classname="com.toh.wpqa_65_check_for_key_value_pt.ConfirmPTHasValueFHM"/>
  <testcase name="confirmPTHasValueFHM_HubPage" time="36.537" classname="com.toh.wpqa_65_check_for_key_value_pt.ConfirmPTHasValueFHM"/>
</testsuite> <!-- com.toh.wpqa_65_check_for_key_value_pt.ConfirmPTHasValueFHM -->
