<?xml version="1.0" encoding="UTF-8"?>
<!-- Generated by org.testng.reporters.JUnitReportReporter -->
<testsuite hostname="BLR-P7111163" name="com.toh.wpqa_65_check_for_key_value_pt.ConfirmURLHasValueFHM" tests="8" failures="0" timestamp="4 Jul 2019 07:48:08 GMT" time="387.433" errors="0">
  <testcase name="confirmURLHasValueFHM_HubPage" time="26.882" classname="com.toh.wpqa_65_check_for_key_value_pt.ConfirmURLHasValueFHM"/>
  <testcase name="confirmURLHasValueFHM_SlideshowPage" time="48.540" classname="com.toh.wpqa_65_check_for_key_value_pt.ConfirmURLHasValueFHM"/>
  <testcase name="confirmURLHasValueFHM_VideoHubPage" time="75.398" classname="com.toh.wpqa_65_check_for_key_value_pt.ConfirmURLHasValueFHM"/>
  <testcase name="confirmURLHasValueFHM_JokeHubPage" time="60.332" classname="com.toh.wpqa_65_check_for_key_value_pt.ConfirmURLHasValueFHM"/>
  <testcase name="confirmURLHasValueFHM_HomePage" time="38.467" classname="com.toh.wpqa_65_check_for_key_value_pt.ConfirmURLHasValueFHM"/>
  <testcase name="confirmURLHasValueFHM_ContactUsPage" time="48.174" classname="com.toh.wpqa_65_check_for_key_value_pt.ConfirmURLHasValueFHM"/>
  <testcase name="confirmURLHasValueFHM_ArticlePage" time="30.077" classname="com.toh.wpqa_65_check_for_key_value_pt.ConfirmURLHasValueFHM"/>
  <testcase name="confirmURLHasValueFHM_ListiclePage" time="59.563" classname="com.toh.wpqa_65_check_for_key_value_pt.ConfirmURLHasValueFHM"/>
</testsuite> <!-- com.toh.wpqa_65_check_for_key_value_pt.ConfirmURLHasValueFHM -->
