<?xml version="1.0" encoding="UTF-8"?>
<!-- Generated by org.testng.reporters.JUnitReportReporter -->
<testsuite hostname="BLR-P7110592L" name="com.toh.wpqa_65_check_for_key_value_topic.ConfirmTopicHasValueCPT" tests="7" failures="0" timestamp="28 Jun 2019 12:12:34 GMT" time="248.530" errors="0">
  <testcase name="confirmTopicHasValueCPT_HubPage" time="40.378" classname="com.toh.wpqa_65_check_for_key_value_topic.ConfirmTopicHasValueCPT"/>
  <testcase name="confirmTopicHasValueCPT_ContactUsPage" time="23.838" classname="com.toh.wpqa_65_check_for_key_value_topic.ConfirmTopicHasValueCPT"/>
  <testcase name="confirmTopicHasValueCPT_SlideshowPage" time="24.335" classname="com.toh.wpqa_65_check_for_key_value_topic.ConfirmTopicHasValueCPT"/>
  <testcase name="confirmTopicHasValueCPT_HomePage" time="45.120" classname="com.toh.wpqa_65_check_for_key_value_topic.ConfirmTopicHasValueCPT"/>
  <testcase name="confirmTopicHasValueCPT_ListiclePage" time="34.054" classname="com.toh.wpqa_65_check_for_key_value_topic.ConfirmTopicHasValueCPT"/>
  <testcase name="confirmTopicHasValueCPT_ArticlePage" time="47.011" classname="com.toh.wpqa_65_check_for_key_value_topic.ConfirmTopicHasValueCPT"/>
  <testcase name="confirmTopicHasValueCPT_VideoHubPage" time="33.794" classname="com.toh.wpqa_65_check_for_key_value_topic.ConfirmTopicHasValueCPT"/>
</testsuite> <!-- com.toh.wpqa_65_check_for_key_value_topic.ConfirmTopicHasValueCPT -->
