<?xml version="1.0" encoding="UTF-8"?>
<!-- Generated by org.testng.reporters.JUnitReportReporter -->
<testsuite hostname="BLR-P7110592L" name="com.toh.wpqa_65_check_for_key_value_keyword.ConfirmKeywordHasValueRD" tests="8" failures="0" timestamp="28 Jun 2019 12:52:27 GMT" time="393.641" errors="0">
  <testcase name="confirmKeywordHasValueRD_ListiclePage" time="62.274" classname="com.toh.wpqa_65_check_for_key_value_keyword.ConfirmKeywordHasValueRD"/>
  <testcase name="confirmKeywordHasValueRD_ArticlePage" time="57.079" classname="com.toh.wpqa_65_check_for_key_value_keyword.ConfirmKeywordHasValueRD"/>
  <testcase name="confirmKeywordHasValueRD_JokeHubPage" time="41.838" classname="com.toh.wpqa_65_check_for_key_value_keyword.ConfirmKeywordHasValueRD"/>
  <testcase name="confirmKeywordHasValueRD_HubPage" time="38.541" classname="com.toh.wpqa_65_check_for_key_value_keyword.ConfirmKeywordHasValueRD"/>
  <testcase name="confirmKeywordHasValueRD_HomePage" time="41.103" classname="com.toh.wpqa_65_check_for_key_value_keyword.ConfirmKeywordHasValueRD"/>
  <testcase name="confirmKeywordHasValueRD_VideoHubPage" time="44.456" classname="com.toh.wpqa_65_check_for_key_value_keyword.ConfirmKeywordHasValueRD"/>
  <testcase name="confirmKeywordHasValueRD_AboutPage" time="55.664" classname="com.toh.wpqa_65_check_for_key_value_keyword.ConfirmKeywordHasValueRD"/>
  <testcase name="confirmKeywordHasValueRD_SlideshowPage" time="52.686" classname="com.toh.wpqa_65_check_for_key_value_keyword.ConfirmKeywordHasValueRD"/>
</testsuite> <!-- com.toh.wpqa_65_check_for_key_value_keyword.ConfirmKeywordHasValueRD -->
