<?xml version="1.0" encoding="UTF-8"?>
<!-- Generated by org.testng.reporters.JUnitReportReporter -->
<testsuite hostname="BLR-P7110592L" name="com.toh.wpqa_65_check_for_key_value_topic.ConfirmTopicHasValueRD" tests="8" failures="0" timestamp="28 Jun 2019 12:12:34 GMT" time="403.759" errors="0">
  <testcase name="confirmTopicHasValueRD_JokeHubPage" time="39.842" classname="com.toh.wpqa_65_check_for_key_value_topic.ConfirmTopicHasValueRD"/>
  <testcase name="confirmTopicHasValueRD_HomePage" time="40.579" classname="com.toh.wpqa_65_check_for_key_value_topic.ConfirmTopicHasValueRD"/>
  <testcase name="confirmTopicHasValueRD_ArticlePage" time="62.262" classname="com.toh.wpqa_65_check_for_key_value_topic.ConfirmTopicHasValueRD"/>
  <testcase name="confirmTopicHasValueRD_HubPage" time="40.590" classname="com.toh.wpqa_65_check_for_key_value_topic.ConfirmTopicHasValueRD"/>
  <testcase name="confirmTopicHasValueRD_AboutPage" time="55.018" classname="com.toh.wpqa_65_check_for_key_value_topic.ConfirmTopicHasValueRD"/>
  <testcase name="confirmTopicHasValueRD_ListiclePage" time="60.566" classname="com.toh.wpqa_65_check_for_key_value_topic.ConfirmTopicHasValueRD"/>
  <testcase name="confirmTopicHasValueRD_SlideshowPage" time="51.542" classname="com.toh.wpqa_65_check_for_key_value_topic.ConfirmTopicHasValueRD"/>
  <testcase name="confirmTopicHasValueRD_VideoHubPage" time="53.360" classname="com.toh.wpqa_65_check_for_key_value_topic.ConfirmTopicHasValueRD"/>
</testsuite> <!-- com.toh.wpqa_65_check_for_key_value_topic.ConfirmTopicHasValueRD -->
