<?xml version="1.0" encoding="UTF-8"?>
<!-- Generated by org.testng.reporters.JUnitReportReporter -->
<testsuite hostname="BLR-P7110592L" name="com.toh.TasteofHome.VerifyAmazonHeaderBidderIsRunningInTOH" tests="12" failures="0" timestamp="19 Jun 2019 13:40:02 GMT" time="363.106" errors="0">
  <testcase name="verifyAmazonHeaderBidderIsRunningInTOHArticlePage" time="49.200" classname="com.toh.TasteofHome.VerifyAmazonHeaderBidderIsRunningInTOH"/>
  <testcase name="verifyAmazonHeaderBidderIsRunningInTOHVideoHubPage" time="40.884" classname="com.toh.TasteofHome.VerifyAmazonHeaderBidderIsRunningInTOH"/>
  <testcase name="verifyAmazonHeaderBidderIsRunningInTOHRecipeDetailPage" time="48.905" classname="com.toh.TasteofHome.VerifyAmazonHeaderBidderIsRunningInTOH"/>
  <testcase name="verifyAmazonHeaderBidderIsRunningInTOHHomepage" time="28.593" classname="com.toh.TasteofHome.VerifyAmazonHeaderBidderIsRunningInTOH"/>
  <testcase name="verifyAmazonHeaderBidderIsRunningInTOHHubLevel1Page" time="15.604" classname="com.toh.TasteofHome.VerifyAmazonHeaderBidderIsRunningInTOH"/>
  <testcase name="verifyAmazonHeaderBidderIsRunningInTOHHowToPage" time="19.606" classname="com.toh.TasteofHome.VerifyAmazonHeaderBidderIsRunningInTOH"/>
  <testcase name="verifyAmazonHeaderBidderIsRunningInAbouTasteofHome" time="17.795" classname="com.toh.TasteofHome.VerifyAmazonHeaderBidderIsRunningInTOH"/>
  <testcase name="verifyAmazonHeaderBidderIsRunningInTOHListiclePage" time="44.755" classname="com.toh.TasteofHome.VerifyAmazonHeaderBidderIsRunningInTOH"/>
  <testcase name="verifyAmazonHeaderBidderIsRunningInTOHHubPage" time="21.038" classname="com.toh.TasteofHome.VerifyAmazonHeaderBidderIsRunningInTOH"/>
  <testcase name="verifyAmazonHeaderBidderIsRunningInTOHHubLevel2Page" time="18.361" classname="com.toh.TasteofHome.VerifyAmazonHeaderBidderIsRunningInTOH"/>
  <testcase name="verifyAmazonHeaderBidderIsRunningInTOHAdvertisementPage" time="15.351" classname="com.toh.TasteofHome.VerifyAmazonHeaderBidderIsRunningInTOH"/>
  <testcase name="verifyAmazonHeaderBidderIsRunningInTOHSlideShowPage" time="43.014" classname="com.toh.TasteofHome.VerifyAmazonHeaderBidderIsRunningInTOH"/>
</testsuite> <!-- com.toh.TasteofHome.VerifyAmazonHeaderBidderIsRunningInTOH -->
