<?xml version="1.0" encoding="UTF-8"?>
<!-- Generated by org.testng.reporters.JUnitReportReporter -->
<testsuite hostname="BLR-P7110592L" name="com.toh.wpqa_65_check_for_key_value_category.ConfirmCategoryHasValueCPT" tests="7" failures="0" timestamp="27 Jun 2019 08:35:49 GMT" time="358.438" errors="0">
  <testcase name="confirmCategoryHasValueCPT_HomePage" time="65.665" classname="com.toh.wpqa_65_check_for_key_value_category.ConfirmCategoryHasValueCPT"/>
  <testcase name="confirmCategoryHasValueCPT_ArticlePage" time="49.693" classname="com.toh.wpqa_65_check_for_key_value_category.ConfirmCategoryHasValueCPT"/>
  <testcase name="confirmCategoryHasValueCPT_SlideshowPage" time="77.784" classname="com.toh.wpqa_65_check_for_key_value_category.ConfirmCategoryHasValueCPT"/>
  <testcase name="confirmCategoryHasValueCPT_VideoHubPage" time="37.033" classname="com.toh.wpqa_65_check_for_key_value_category.ConfirmCategoryHasValueCPT"/>
  <testcase name="confirmCategoryHasValueCPT_HubPage" time="25.477" classname="com.toh.wpqa_65_check_for_key_value_category.ConfirmCategoryHasValueCPT"/>
  <testcase name="confirmCategoryHasValueCPT_ContactUsPage" time="34.248" classname="com.toh.wpqa_65_check_for_key_value_category.ConfirmCategoryHasValueCPT"/>
  <testcase name="confirmCategoryHasValueCPT_ListiclePage" time="68.538" classname="com.toh.wpqa_65_check_for_key_value_category.ConfirmCategoryHasValueCPT"/>
</testsuite> <!-- com.toh.wpqa_65_check_for_key_value_category.ConfirmCategoryHasValueCPT -->
