<?xml version="1.0" encoding="UTF-8"?>
<!-- Generated by org.testng.reporters.JUnitReportReporter -->
<testsuite skipped="0" hostname="BLR-P7110592L" name="com.toh.testCase.VerifyTmbi_ad_dataKeyValueInFHMHomePage" tests="1" failures="0" timestamp="06 Jun 2019 14:57:17 GMT" time="20.853" errors="0">
  <testcase name="verifyTmbi_ad_dataKeyValueInFHMHomePage" time="20.853" classname="com.toh.testCase.VerifyTmbi_ad_dataKeyValueInFHMHomePage"/>
</testsuite> <!-- com.toh.testCase.VerifyTmbi_ad_dataKeyValueInFHMHomePage -->
