<?xml version="1.0" encoding="UTF-8"?>
<!-- Generated by org.testng.reporters.JUnitReportReporter -->
<testsuite hostname="BLR-P7111163" name="com.toh.wpqa_65_check_for_key_value_pt.ConfirmURLHasValueCPT" tests="7" failures="0" timestamp="4 Jul 2019 07:48:08 GMT" time="218.286" errors="0">
  <testcase name="confirmURLHasValueCPT_SlideshowPage" time="24.564" classname="com.toh.wpqa_65_check_for_key_value_pt.ConfirmURLHasValueCPT"/>
  <testcase name="confirmURLHasValueCPT_ArticlePage" time="47.114" classname="com.toh.wpqa_65_check_for_key_value_pt.ConfirmURLHasValueCPT"/>
  <testcase name="confirmURLHasValueCPT_HubPage" time="30.591" classname="com.toh.wpqa_65_check_for_key_value_pt.ConfirmURLHasValueCPT"/>
  <testcase name="confirmURLHasValueCPT_HomePage" time="27.909" classname="com.toh.wpqa_65_check_for_key_value_pt.ConfirmURLHasValueCPT"/>
  <testcase name="confirmURLHasValueCPT_ContactUsPage" time="24.514" classname="com.toh.wpqa_65_check_for_key_value_pt.ConfirmURLHasValueCPT"/>
  <testcase name="confirmURLHasValueCPT_VideoHubPage" time="24.843" classname="com.toh.wpqa_65_check_for_key_value_pt.ConfirmURLHasValueCPT"/>
  <testcase name="confirmURLHasValueCPT_ListiclePage" time="38.751" classname="com.toh.wpqa_65_check_for_key_value_pt.ConfirmURLHasValueCPT"/>
</testsuite> <!-- com.toh.wpqa_65_check_for_key_value_pt.ConfirmURLHasValueCPT -->
