<?xml version="1.0" encoding="UTF-8"?>
<!-- Generated by org.testng.reporters.JUnitReportReporter -->
<testsuite hostname="BLR-P7110592L" name="com.toh.wpqa_65_check_for_key_value_url.ConfirmURLHasValueFHM" tests="8" failures="0" timestamp="2 Jul 2019 10:44:58 GMT" time="426.478" errors="0">
  <testcase name="confirmURLHasValueFHM_HubPage" time="37.870" classname="com.toh.wpqa_65_check_for_key_value_url.ConfirmURLHasValueFHM"/>
  <testcase name="confirmURLHasValueFHM_JokeHubPage" time="63.859" classname="com.toh.wpqa_65_check_for_key_value_url.ConfirmURLHasValueFHM"/>
  <testcase name="confirmURLHasValueFHM_ContactUsPage" time="54.840" classname="com.toh.wpqa_65_check_for_key_value_url.ConfirmURLHasValueFHM"/>
  <testcase name="confirmURLHasValueFHM_ListiclePage" time="61.442" classname="com.toh.wpqa_65_check_for_key_value_url.ConfirmURLHasValueFHM"/>
  <testcase name="confirmURLHasValueFHM_VideoHubPage" time="60.107" classname="com.toh.wpqa_65_check_for_key_value_url.ConfirmURLHasValueFHM"/>
  <testcase name="confirmURLHasValueFHM_HomePage" time="41.976" classname="com.toh.wpqa_65_check_for_key_value_url.ConfirmURLHasValueFHM"/>
  <testcase name="confirmURLHasValueFHM_ArticlePage" time="55.690" classname="com.toh.wpqa_65_check_for_key_value_url.ConfirmURLHasValueFHM"/>
  <testcase name="confirmURLHasValueFHM_SlideshowPage" time="50.694" classname="com.toh.wpqa_65_check_for_key_value_url.ConfirmURLHasValueFHM"/>
</testsuite> <!-- com.toh.wpqa_65_check_for_key_value_url.ConfirmURLHasValueFHM -->
