<?xml version="1.0" encoding="UTF-8"?>
<!-- Generated by org.testng.reporters.JUnitReportReporter -->
<testsuite skipped="0" hostname="BLR-P7110592L" name="com.toh.testCase.VerifyAdAutomationGlobalVariablesInRD" tests="1" failures="0" timestamp="06 Jun 2019 15:08:38 GMT" time="42.639" errors="0">
  <testcase name="verifyPrebidHeaderIsRunningInRD" time="42.639" classname="com.toh.testCase.VerifyAdAutomationGlobalVariablesInRD"/>
</testsuite> <!-- com.toh.testCase.VerifyAdAutomationGlobalVariablesInRD -->
