<?xml version="1.0" encoding="UTF-8"?>
<!-- Generated by org.testng.reporters.JUnitReportReporter -->
<testsuite hostname="BLR-P7110592L" name="com.toh.wpqa_65_check_for_key_value_url.ConfirmURLHasValueRD" tests="8" failures="0" timestamp="2 Jul 2019 10:44:58 GMT" time="379.769" errors="0">
  <testcase name="confirmURLHasValueRD_AboutPage" time="59.913" classname="com.toh.wpqa_65_check_for_key_value_url.ConfirmURLHasValueRD"/>
  <testcase name="confirmURLHasValueRD_HubPage" time="38.970" classname="com.toh.wpqa_65_check_for_key_value_url.ConfirmURLHasValueRD"/>
  <testcase name="confirmURLHasValueRD_HomePage" time="44.959" classname="com.toh.wpqa_65_check_for_key_value_url.ConfirmURLHasValueRD"/>
  <testcase name="confirmURLHasValueRD_SlideshowPage" time="51.813" classname="com.toh.wpqa_65_check_for_key_value_url.ConfirmURLHasValueRD"/>
  <testcase name="confirmURLHasValueRD_JokeHubPage" time="39.626" classname="com.toh.wpqa_65_check_for_key_value_url.ConfirmURLHasValueRD"/>
  <testcase name="confirmURLHasValueRD_ListiclePage" time="61.408" classname="com.toh.wpqa_65_check_for_key_value_url.ConfirmURLHasValueRD"/>
  <testcase name="confirmURLHasValueRD_ArticlePage" time="56.032" classname="com.toh.wpqa_65_check_for_key_value_url.ConfirmURLHasValueRD"/>
  <testcase name="confirmURLHasValueRD_VideoHubPage" time="27.048" classname="com.toh.wpqa_65_check_for_key_value_url.ConfirmURLHasValueRD"/>
</testsuite> <!-- com.toh.wpqa_65_check_for_key_value_url.ConfirmURLHasValueRD -->
