<?xml version="1.0" encoding="UTF-8"?>
<!-- Generated by org.testng.reporters.JUnitReportReporter -->
<testsuite skipped="0" hostname="BLR-P7110592L" name="com.toh.testCase.VerifyDefaultColumnsInConfigTables" tests="4" failures="2" timestamp="30 May 2019 12:57:46 GMT" time="67.128" errors="0">
  <testcase name="verifyDefaultColumnsforIngredientsTable" time="12.736" classname="com.toh.testCase.VerifyDefaultColumnsInConfigTables"/>
  <testcase name="verifyDefaultColumnsforUnitofMeasureTable" time="17.952" classname="com.toh.testCase.VerifyDefaultColumnsInConfigTables">
    <failure type="java.lang.AssertionError" message="The actual Column is not matched with expected columns. Expected column= [ID, Unit] And actual column= [ID, Unit Of Measure]: Lists differ at element [1]: Unit Of Measure != Unit expected [Unit Of Measure] but found [Unit]">
      <![CDATA[java.lang.AssertionError: The actual Column is not matched with expected columns. Expected column= [ID, Unit] And actual column= [ID, Unit Of Measure]: Lists differ at element [1]: Unit Of Measure != Unit expected [Unit Of Measure] but found [Unit]
at org.testng.Assert.fail(Assert.java:96)
at org.testng.Assert.failNotEquals(Assert.java:776)
at org.testng.Assert.assertEqualsImpl(Assert.java:137)
at org.testng.Assert.assertEquals(Assert.java:831)
at com.toh.pageObjectRepo.ConfigTables.verifyDefaultcolumnsInConfigTable(ConfigTables.java:159)
at com.toh.testCase.VerifyDefaultColumnsInConfigTables.verifyDefaultColumnsforUnitofMeasureTable(VerifyDefaultColumnsInConfigTables.java:63)
at sun.reflect.NativeMethodAccessorImpl.invoke0(Native Method)
at sun.reflect.NativeMethodAccessorImpl.invoke(Unknown Source)
at sun.reflect.DelegatingMethodAccessorImpl.invoke(Unknown Source)
at java.lang.reflect.Method.invoke(Unknown Source)
at org.testng.internal.MethodInvocationHelper.invokeMethod(MethodInvocationHelper.java:124)
at org.testng.internal.Invoker.invokeMethod(Invoker.java:580)
at org.testng.internal.Invoker.invokeTestMethod(Invoker.java:716)
at org.testng.internal.Invoker.invokeTestMethods(Invoker.java:988)
at org.testng.internal.TestMethodWorker.invokeTestMethods(TestMethodWorker.java:125)
at org.testng.internal.TestMethodWorker.run(TestMethodWorker.java:109)
at org.testng.TestRunner.privateRun(TestRunner.java:648)
at org.testng.TestRunner.run(TestRunner.java:505)
at org.testng.SuiteRunner.runTest(SuiteRunner.java:455)
at org.testng.SuiteRunner.runSequentially(SuiteRunner.java:450)
at org.testng.SuiteRunner.privateRun(SuiteRunner.java:415)
at org.testng.SuiteRunner.run(SuiteRunner.java:364)
at org.testng.SuiteRunnerWorker.runSuite(SuiteRunnerWorker.java:52)
at org.testng.SuiteRunnerWorker.run(SuiteRunnerWorker.java:84)
at org.testng.TestNG.runSuitesSequentially(TestNG.java:1208)
at org.testng.TestNG.runSuitesLocally(TestNG.java:1137)
at org.testng.TestNG.runSuites(TestNG.java:1049)
at org.testng.TestNG.run(TestNG.java:1017)
at org.testng.remote.AbstractRemoteTestNG.run(AbstractRemoteTestNG.java:114)
at org.testng.remote.RemoteTestNG.initAndRun(RemoteTestNG.java:251)
at org.testng.remote.RemoteTestNG.main(RemoteTestNG.java:77)
]]>
    </failure>
  </testcase> <!-- verifyDefaultColumnsforUnitofMeasureTable -->
  <testcase name="verifyDefaultColumnsforFractionTable" time="24.992" classname="com.toh.testCase.VerifyDefaultColumnsInConfigTables">
    <failure type="java.lang.AssertionError" message="The Ingredients table is not loaded in UI  expected [true] but found [false]">
      <![CDATA[java.lang.AssertionError: The Ingredients table is not loaded in UI  expected [true] but found [false]
at org.testng.Assert.fail(Assert.java:96)
at org.testng.Assert.failNotEquals(Assert.java:776)
at org.testng.Assert.assertEqualsImpl(Assert.java:137)
at org.testng.Assert.assertEquals(Assert.java:118)
at org.testng.Assert.assertEquals(Assert.java:568)
at com.toh.pageObjectRepo.ConfigTables.openRequiredConfigTable(ConfigTables.java:96)
at com.toh.testCase.VerifyDefaultColumnsInConfigTables.verifyDefaultColumnsforFractionTable(VerifyDefaultColumnsInConfigTables.java:78)
at sun.reflect.NativeMethodAccessorImpl.invoke0(Native Method)
at sun.reflect.NativeMethodAccessorImpl.invoke(Unknown Source)
at sun.reflect.DelegatingMethodAccessorImpl.invoke(Unknown Source)
at java.lang.reflect.Method.invoke(Unknown Source)
at org.testng.internal.MethodInvocationHelper.invokeMethod(MethodInvocationHelper.java:124)
at org.testng.internal.Invoker.invokeMethod(Invoker.java:580)
at org.testng.internal.Invoker.invokeTestMethod(Invoker.java:716)
at org.testng.internal.Invoker.invokeTestMethods(Invoker.java:988)
at org.testng.internal.TestMethodWorker.invokeTestMethods(TestMethodWorker.java:125)
at org.testng.internal.TestMethodWorker.run(TestMethodWorker.java:109)
at org.testng.TestRunner.privateRun(TestRunner.java:648)
at org.testng.TestRunner.run(TestRunner.java:505)
at org.testng.SuiteRunner.runTest(SuiteRunner.java:455)
at org.testng.SuiteRunner.runSequentially(SuiteRunner.java:450)
at org.testng.SuiteRunner.privateRun(SuiteRunner.java:415)
at org.testng.SuiteRunner.run(SuiteRunner.java:364)
at org.testng.SuiteRunnerWorker.runSuite(SuiteRunnerWorker.java:52)
at org.testng.SuiteRunnerWorker.run(SuiteRunnerWorker.java:84)
at org.testng.TestNG.runSuitesSequentially(TestNG.java:1208)
at org.testng.TestNG.runSuitesLocally(TestNG.java:1137)
at org.testng.TestNG.runSuites(TestNG.java:1049)
at org.testng.TestNG.run(TestNG.java:1017)
at org.testng.remote.AbstractRemoteTestNG.run(AbstractRemoteTestNG.java:114)
at org.testng.remote.RemoteTestNG.initAndRun(RemoteTestNG.java:251)
at org.testng.remote.RemoteTestNG.main(RemoteTestNG.java:77)
]]>
    </failure>
  </testcase> <!-- verifyDefaultColumnsforFractionTable -->
  <testcase name="verifyDefaultColumnsforLinkCodeTable" time="11.448" classname="com.toh.testCase.VerifyDefaultColumnsInConfigTables"/>
</testsuite> <!-- com.toh.testCase.VerifyDefaultColumnsInConfigTables -->
