<?xml version="1.0" encoding="UTF-8"?>
<!-- Generated by org.testng.reporters.JUnitReportReporter -->
<testsuite hostname="BLR-P7111163" name="com.toh.wpqa_65_check_for_key_value_pt.ConfirmPTHasValueTOH" tests="8" failures="0" timestamp="4 Jul 2019 10:58:49 GMT" time="459.533" errors="0">
  <testcase name="confirmPTHasValueTOH_AboutPage" time="51.373" classname="com.toh.wpqa_65_check_for_key_value_pt.ConfirmPTHasValueTOH"/>
  <testcase name="confirmPTHasValueTOH_ListiclePage" time="58.306" classname="com.toh.wpqa_65_check_for_key_value_pt.ConfirmPTHasValueTOH"/>
  <testcase name="confirmPTHasValueTOH_HomePage" time="38.566" classname="com.toh.wpqa_65_check_for_key_value_pt.ConfirmPTHasValueTOH"/>
  <testcase name="confirmPTHasValueTOH_ArticlePage" time="53.419" classname="com.toh.wpqa_65_check_for_key_value_pt.ConfirmPTHasValueTOH"/>
  <testcase name="confirmPTHasValueTOH_RecipeDetailPage" time="92.146" classname="com.toh.wpqa_65_check_for_key_value_pt.ConfirmPTHasValueTOH"/>
  <testcase name="confirmPTHasValueTOH_SlideshowPage" time="68.217" classname="com.toh.wpqa_65_check_for_key_value_pt.ConfirmPTHasValueTOH"/>
  <testcase name="confirmPTHasValueTOH_HubPage" time="37.462" classname="com.toh.wpqa_65_check_for_key_value_pt.ConfirmPTHasValueTOH"/>
  <testcase name="confirmPTHasValueTOH_VideoHubPage" time="60.044" classname="com.toh.wpqa_65_check_for_key_value_pt.ConfirmPTHasValueTOH"/>
</testsuite> <!-- com.toh.wpqa_65_check_for_key_value_pt.ConfirmPTHasValueTOH -->
