<?xml version="1.0" encoding="UTF-8"?>
<!-- Generated by org.testng.reporters.JUnitReportReporter -->
<testsuite skipped="0" hostname="BLR-P7111163L" name="com.wp.wpqa_64_verify_global_variables_CPT.VerifyGlobalVariables_CPT_ArticlePage" tests="8" failures="0" timestamp="16 Dec 2019 10:08:43 GMT" time="49.272" errors="0">
  <testcase name="verifyTaboolaSidebarTest" time="0.039" classname="com.wp.wpqa_64_verify_global_variables_CPT.VerifyGlobalVariables_CPT_ArticlePage"/>
  <testcase name="newsletterSignUpTest_CPT_HubPage" time="28.731" classname="com.wp.wpqa_64_verify_global_variables_CPT.VerifyGlobalVariables_CPT_ArticlePage"/>
  <testcase name="verifyPinteresttLink_CPT_ArticlePage" time="3.428" classname="com.wp.wpqa_64_verify_global_variables_CPT.VerifyGlobalVariables_CPT_ArticlePage"/>
  <testcase name="verifyLineTest" time="0.094" classname="com.wp.wpqa_64_verify_global_variables_CPT.VerifyGlobalVariables_CPT_ArticlePage"/>
  <testcase name="verifyTwitterLink_CPT_ArticlePage" time="3.639" classname="com.wp.wpqa_64_verify_global_variables_CPT.VerifyGlobalVariables_CPT_ArticlePage"/>
  <testcase name="verifyTitle_CPT_ArticlePage" time="0.042" classname="com.wp.wpqa_64_verify_global_variables_CPT.VerifyGlobalVariables_CPT_ArticlePage"/>
  <testcase name="verifyDekTest" time="0.092" classname="com.wp.wpqa_64_verify_global_variables_CPT.VerifyGlobalVariables_CPT_ArticlePage"/>
  <testcase name="verifyFacebookLink_CPT_ArticlePage" time="13.207" classname="com.wp.wpqa_64_verify_global_variables_CPT.VerifyGlobalVariables_CPT_ArticlePage"/>
</testsuite> <!-- com.wp.wpqa_64_verify_global_variables_CPT.VerifyGlobalVariables_CPT_ArticlePage -->
