<?xml version="1.0" encoding="UTF-8"?>
<!-- Generated by org.testng.reporters.JUnitReportReporter -->
<testsuite hostname="BLR-P7110592L" name="com.toh.wpqa_65_check_for_key_value_pos.ConfirmPosHasValueCPT" tests="7" failures="0" timestamp="26 Jun 2019 11:04:19 GMT" time="276.767" errors="0">
  <testcase name="confirmPosHasValueCPT_HomePage" time="24.432" classname="com.toh.wpqa_65_check_for_key_value_pos.ConfirmPosHasValueCPT"/>
  <testcase name="confirmPosHasValueCPT_ArticlePage" time="44.947" classname="com.toh.wpqa_65_check_for_key_value_pos.ConfirmPosHasValueCPT"/>
  <testcase name="confirmPosHasValueCPT_ContactUsPage" time="24.094" classname="com.toh.wpqa_65_check_for_key_value_pos.ConfirmPosHasValueCPT"/>
  <testcase name="confirmPosHasValueCPT_SlideshowPage" time="66.330" classname="com.toh.wpqa_65_check_for_key_value_pos.ConfirmPosHasValueCPT"/>
  <testcase name="confirmPosHasValueCPT_HubPage" time="23.496" classname="com.toh.wpqa_65_check_for_key_value_pos.ConfirmPosHasValueCPT"/>
  <testcase name="confirmPosHasValueCPT_ListiclePage" time="66.299" classname="com.toh.wpqa_65_check_for_key_value_pos.ConfirmPosHasValueCPT"/>
  <testcase name="confirmPosHasValueCPT_VideoHubPage" time="27.169" classname="com.toh.wpqa_65_check_for_key_value_pos.ConfirmPosHasValueCPT"/>
</testsuite> <!-- com.toh.wpqa_65_check_for_key_value_pos.ConfirmPosHasValueCPT -->
