<?xml version="1.0" encoding="UTF-8"?>
<!-- Generated by org.testng.reporters.JUnitReportReporter -->
<testsuite hostname="BLR-P7110592L" name="com.toh.check_for_key_value_pos.keyValueToh" tests="1" failures="0" timestamp="25 Jun 2019 08:54:55 GMT" time="25.422" errors="0">
  <testcase name="verifyAmazonHeaderBidderIsRunningInAbouTasteofHome" time="25.422" classname="com.toh.check_for_key_value_pos.keyValueToh"/>
</testsuite> <!-- com.toh.check_for_key_value_pos.keyValueToh -->
