<?xml version="1.0" encoding="UTF-8"?>
<!-- Generated by org.testng.reporters.JUnitReportReporter -->
<testsuite skipped="0" hostname="BLR-P7110592L" name="com.toh.testCase.VerifyKeyvaluearePopulating" tests="2" failures="0" timestamp="04 Jun 2019 06:25:28 GMT" time="19.773" errors="0">
  <testcase name="verifyTmbi_ad_dataKeyValueInTOH" time="10.936" classname="com.toh.testCase.VerifyKeyvaluearePopulating"/>
  <testcase name="verifyAmazonHeaderBidderIsRunningInTOH" time="8.837" classname="com.toh.testCase.VerifyKeyvaluearePopulating"/>
</testsuite> <!-- com.toh.testCase.VerifyKeyvaluearePopulating -->
