<?xml version="1.0" encoding="UTF-8"?>
<!-- Generated by org.testng.reporters.JUnitReportReporter -->
<testsuite skipped="0" hostname="BLR-P7110592L" name="com.toh.testCase.LaunchApplication" tests="2" failures="0" timestamp="15 May 2019 13:18:27 GMT" time="18.232" errors="0">
  <testcase name="verifyRMSConfigTablesDefaultColumnssforLinkCodeTable" time="8.959" classname="com.toh.testCase.LaunchApplication"/>
  <testcase name="verifyRMSConfigTablesDefaultColumnssforUnitofMeasureTable" time="9.273" classname="com.toh.testCase.LaunchApplication"/>
</testsuite> <!-- com.toh.testCase.LaunchApplication -->
