<?xml version="1.0" encoding="UTF-8"?>
<!-- Generated by org.testng.reporters.JUnitReportReporter -->
<testsuite hostname="BLR-P7110592L" name="com.toh.TasteofHome.VerifyPrebidHeaderIsRunningInTOH" tests="12" failures="0" timestamp="18 Jun 2019 13:29:48 GMT" time="113.401" errors="0">
  <testcase name="verifyPrebidHeaderIsRunningInTOHArticlePage" time="11.339" classname="com.toh.TasteofHome.VerifyPrebidHeaderIsRunningInTOH"/>
  <testcase name="verifyPrebidHeaderIsRunningInTOHHowToPage" time="7.474" classname="com.toh.TasteofHome.VerifyPrebidHeaderIsRunningInTOH"/>
  <testcase name="verifyPrebidHeaderIsRunningInTOHHubPage" time="5.706" classname="com.toh.TasteofHome.VerifyPrebidHeaderIsRunningInTOH"/>
  <testcase name="verifyPrebidHeaderIsRunningInAbouTasteofHome" time="11.748" classname="com.toh.TasteofHome.VerifyPrebidHeaderIsRunningInTOH"/>
  <testcase name="verifyPrebidHeaderIsRunningInTOHRecipeDetailPage" time="15.274" classname="com.toh.TasteofHome.VerifyPrebidHeaderIsRunningInTOH"/>
  <testcase name="verifyPrebidHeaderIsRunningInTOHVideoHubPage" time="19.378" classname="com.toh.TasteofHome.VerifyPrebidHeaderIsRunningInTOH"/>
  <testcase name="verifyPrebidHeaderIsRunningInTOHTOHHubLevel2Page" time="5.157" classname="com.toh.TasteofHome.VerifyPrebidHeaderIsRunningInTOH"/>
  <testcase name="verifyPrebidHeaderIsRunningInTOHAdvertisementPage" time="7.897" classname="com.toh.TasteofHome.VerifyPrebidHeaderIsRunningInTOH"/>
  <testcase name="verifyPrebidHeaderIsRunningInTOHHomepage" time="5.426" classname="com.toh.TasteofHome.VerifyPrebidHeaderIsRunningInTOH"/>
  <testcase name="verifyPrebidHeaderIsRunningInTOHHubLevel1Page" time="4.902" classname="com.toh.TasteofHome.VerifyPrebidHeaderIsRunningInTOH"/>
  <testcase name="verifyPrebidHeaderIsRunningInTOHListiclePage" time="12.740" classname="com.toh.TasteofHome.VerifyPrebidHeaderIsRunningInTOH"/>
  <testcase name="verifyPrebidHeaderIsRunningInTOHSlideShowPage" time="6.360" classname="com.toh.TasteofHome.VerifyPrebidHeaderIsRunningInTOH"/>
</testsuite> <!-- com.toh.TasteofHome.VerifyPrebidHeaderIsRunningInTOH -->
