<?xml version="1.0" encoding="UTF-8"?>
<!-- Generated by org.testng.reporters.JUnitReportReporter -->
<testsuite hostname="BLR-P7110592L" name="com.toh.wpqa_65.VerifyKeyValueAttributesGoogfcInTOHHomePage" tests="1" failures="0" timestamp="25 Jun 2019 06:39:23 GMT" time="0.101" errors="0">
  <testcase name="verifyKeyValueAttributesGoogfcInTOHHomePagePos" time="0.101" classname="com.toh.wpqa_65.VerifyKeyValueAttributesGoogfcInTOHHomePage"/>
</testsuite> <!-- com.toh.wpqa_65.VerifyKeyValueAttributesGoogfcInTOHHomePage -->
