<?xml version="1.0" encoding="UTF-8"?>
<!-- Generated by org.testng.reporters.JUnitReportReporter -->
<testsuite hostname="BLR-P7110592L" name="com.toh.wpqa_65_check_for_key_value_keyword.ConfirmKeywordHasValueFHM" tests="8" failures="0" timestamp="28 Jun 2019 12:52:27 GMT" time="403.355" errors="0">
  <testcase name="confirmKeywordHasValueFHM_JokeHubPage" time="64.360" classname="com.toh.wpqa_65_check_for_key_value_keyword.ConfirmKeywordHasValueFHM"/>
  <testcase name="confirmKeywordHasValueFHM_HomePage" time="40.605" classname="com.toh.wpqa_65_check_for_key_value_keyword.ConfirmKeywordHasValueFHM"/>
  <testcase name="confirmKeywordHasValueFHM_HubPage" time="38.716" classname="com.toh.wpqa_65_check_for_key_value_keyword.ConfirmKeywordHasValueFHM"/>
  <testcase name="confirmKeywordHasValueFHM_SlideshowPage" time="50.125" classname="com.toh.wpqa_65_check_for_key_value_keyword.ConfirmKeywordHasValueFHM"/>
  <testcase name="confirmKeywordHasValueFHM_ListiclePage" time="60.965" classname="com.toh.wpqa_65_check_for_key_value_keyword.ConfirmKeywordHasValueFHM"/>
  <testcase name="confirmKeywordHasValueFHM_ArticlePage" time="33.554" classname="com.toh.wpqa_65_check_for_key_value_keyword.ConfirmKeywordHasValueFHM"/>
  <testcase name="confirmKeywordHasValueFHM_ContactUsPage" time="69.048" classname="com.toh.wpqa_65_check_for_key_value_keyword.ConfirmKeywordHasValueFHM"/>
  <testcase name="confirmKeywordHasValueFHM_VideoHubPage" time="45.982" classname="com.toh.wpqa_65_check_for_key_value_keyword.ConfirmKeywordHasValueFHM"/>
</testsuite> <!-- com.toh.wpqa_65_check_for_key_value_keyword.ConfirmKeywordHasValueFHM -->
