<?xml version="1.0" encoding="UTF-8"?>
<!-- Generated by org.testng.reporters.JUnitReportReporter -->
<testsuite hostname="BLR-P7110592L" name="com.toh.wpqa_65_check_for_key_value_topic.ConfirmTopicHasValueFHM" tests="8" failures="0" timestamp="28 Jun 2019 12:12:34 GMT" time="397.134" errors="0">
  <testcase name="confirmTopicHasValueFHM_HomePage" time="49.430" classname="com.toh.wpqa_65_check_for_key_value_topic.ConfirmTopicHasValueFHM"/>
  <testcase name="confirmTopicHasValueFHM_SlideshowPage" time="52.102" classname="com.toh.wpqa_65_check_for_key_value_topic.ConfirmTopicHasValueFHM"/>
  <testcase name="confirmTopicHasValueFHM_ListiclePage" time="61.468" classname="com.toh.wpqa_65_check_for_key_value_topic.ConfirmTopicHasValueFHM"/>
  <testcase name="confirmTopicHasValueFHM_ArticlePage" time="35.567" classname="com.toh.wpqa_65_check_for_key_value_topic.ConfirmTopicHasValueFHM"/>
  <testcase name="confirmTopicHasValueFHM_JokeHubPage" time="64.381" classname="com.toh.wpqa_65_check_for_key_value_topic.ConfirmTopicHasValueFHM"/>
  <testcase name="confirmTopicHasValueFHM_HubPage" time="39.748" classname="com.toh.wpqa_65_check_for_key_value_topic.ConfirmTopicHasValueFHM"/>
  <testcase name="confirmTopicHasValueFHM_VideoHubPage" time="45.785" classname="com.toh.wpqa_65_check_for_key_value_topic.ConfirmTopicHasValueFHM"/>
  <testcase name="confirmTopicHasValueFHM_ContactUsPage" time="48.653" classname="com.toh.wpqa_65_check_for_key_value_topic.ConfirmTopicHasValueFHM"/>
</testsuite> <!-- com.toh.wpqa_65_check_for_key_value_topic.ConfirmTopicHasValueFHM -->
