<?xml version="1.0" encoding="UTF-8"?>
<!-- Generated by org.testng.reporters.JUnitReportReporter -->
<testsuite hostname="BLR-P7110592L" name="com.toh.FHM.VerifyTmbi_ad_dataKeyValueInFHMHomePage" tests="1" failures="0" timestamp="18 Jun 2019 13:29:48 GMT" time="23.492" errors="0">
  <testcase name="verifyTmbi_ad_dataKeyValueInFHMHomePage" time="23.492" classname="com.toh.FHM.VerifyTmbi_ad_dataKeyValueInFHMHomePage"/>
</testsuite> <!-- com.toh.FHM.VerifyTmbi_ad_dataKeyValueInFHMHomePage -->
