<?xml version="1.0" encoding="UTF-8"?>
<!-- Generated by org.testng.reporters.JUnitReportReporter -->
<testsuite hostname="BLR-P7110592L" name="com.toh.wpqa_65_check_for_key_value_keyword.ConfirmKeywordHasValueCPT" tests="7" failures="0" timestamp="28 Jun 2019 12:52:27 GMT" time="260.607" errors="0">
  <testcase name="confirmKeywordHasValueCPT_HubPage" time="30.764" classname="com.toh.wpqa_65_check_for_key_value_keyword.ConfirmKeywordHasValueCPT"/>
  <testcase name="confirmKeywordHasValueCPT_ListiclePage" time="34.216" classname="com.toh.wpqa_65_check_for_key_value_keyword.ConfirmKeywordHasValueCPT"/>
  <testcase name="confirmKeywordHasValueCPT_HomePage" time="39.347" classname="com.toh.wpqa_65_check_for_key_value_keyword.ConfirmKeywordHasValueCPT"/>
  <testcase name="confirmKeywordHasValueCPT_VideoHubPage" time="50.149" classname="com.toh.wpqa_65_check_for_key_value_keyword.ConfirmKeywordHasValueCPT"/>
  <testcase name="confirmKeywordHasValueCPT_ArticlePage" time="46.744" classname="com.toh.wpqa_65_check_for_key_value_keyword.ConfirmKeywordHasValueCPT"/>
  <testcase name="confirmKeywordHasValueCPT_SlideshowPage" time="25.241" classname="com.toh.wpqa_65_check_for_key_value_keyword.ConfirmKeywordHasValueCPT"/>
  <testcase name="confirmKeywordHasValueCPT_ContactUsPage" time="34.146" classname="com.toh.wpqa_65_check_for_key_value_keyword.ConfirmKeywordHasValueCPT"/>
</testsuite> <!-- com.toh.wpqa_65_check_for_key_value_keyword.ConfirmKeywordHasValueCPT -->
