<?xml version="1.0" encoding="UTF-8"?>
<!-- Generated by org.testng.reporters.JUnitReportReporter -->
<testsuite skipped="0" hostname="BLR-P7110592L" name="com.toh.testCase.VerifyAdd_Edit_FunctionalityForLinkCodesTable" tests="1" failures="0" timestamp="30 May 2019 12:57:46 GMT" time="25.703" errors="0">
  <testcase name="verifyAdd_Search_Edit_FunctionalityForLinkCodesTable" time="25.703" classname="com.toh.testCase.VerifyAdd_Edit_FunctionalityForLinkCodesTable"/>
</testsuite> <!-- com.toh.testCase.VerifyAdd_Edit_FunctionalityForLinkCodesTable -->
