<?xml version="1.0" encoding="UTF-8"?>
<!-- Generated by org.testng.reporters.JUnitReportReporter -->
<testsuite hostname="BLR-P7110592L" name="com.toh.TasteofHome.VerifyTmbi_ad_dataKeyValueInTOH" tests="12" failures="0" timestamp="18 Jun 2019 13:29:48 GMT" time="97.085" errors="0">
  <testcase name="verifyTmbi_ad_dataKeyValueInTOHHubPage" time="4.463" classname="com.toh.TasteofHome.VerifyTmbi_ad_dataKeyValueInTOH"/>
  <testcase name="verifyTmbi_ad_dataKeyValueInAbouTasteofHome" time="8.802" classname="com.toh.TasteofHome.VerifyTmbi_ad_dataKeyValueInTOH"/>
  <testcase name="verifyTmbi_ad_dataKeyValueInTOHRecipeDetailPage" time="14.159" classname="com.toh.TasteofHome.VerifyTmbi_ad_dataKeyValueInTOH"/>
  <testcase name="verifyTmbi_ad_dataKeyValueInTOHArticlePage" time="11.702" classname="com.toh.TasteofHome.VerifyTmbi_ad_dataKeyValueInTOH"/>
  <testcase name="verifyTmbi_ad_dataKeyValueInTOHVideoHubPage" time="15.097" classname="com.toh.TasteofHome.VerifyTmbi_ad_dataKeyValueInTOH"/>
  <testcase name="verifyTmbi_ad_dataKeyValueInTOHHomepage" time="5.113" classname="com.toh.TasteofHome.VerifyTmbi_ad_dataKeyValueInTOH"/>
  <testcase name="verifyTmbi_ad_dataKeyValueInTOHHowToPage" time="7.416" classname="com.toh.TasteofHome.VerifyTmbi_ad_dataKeyValueInTOH"/>
  <testcase name="verifyTmbi_ad_dataKeyValueInTOHHubLevel1Page" time="4.244" classname="com.toh.TasteofHome.VerifyTmbi_ad_dataKeyValueInTOH"/>
  <testcase name="verifyTmbi_ad_dataKeyValueInTOHSlideShowPage" time="5.594" classname="com.toh.TasteofHome.VerifyTmbi_ad_dataKeyValueInTOH"/>
  <testcase name="verifyTmbi_ad_dataKeyValueInTOHAdvertisementPage" time="7.763" classname="com.toh.TasteofHome.VerifyTmbi_ad_dataKeyValueInTOH"/>
  <testcase name="verifyTmbi_ad_dataKeyValueInTOHListiclePage" time="8.174" classname="com.toh.TasteofHome.VerifyTmbi_ad_dataKeyValueInTOH"/>
  <testcase name="verifyTmbi_ad_dataKeyValueInTOHHubLevel2Page" time="4.558" classname="com.toh.TasteofHome.VerifyTmbi_ad_dataKeyValueInTOH"/>
</testsuite> <!-- com.toh.TasteofHome.VerifyTmbi_ad_dataKeyValueInTOH -->
