<?xml version="1.0" encoding="UTF-8"?>
<!-- Generated by org.testng.reporters.JUnitReportReporter -->
<testsuite hostname="BLR-P7111163" name="com.toh.wpqa_65_check_for_key_value_pt.ConfirmPTHasValueCPT" tests="7" failures="0" timestamp="4 Jul 2019 10:58:49 GMT" time="194.947" errors="0">
  <testcase name="confirmPTHasValueCPT_VideoHubPage" time="23.677" classname="com.toh.wpqa_65_check_for_key_value_pt.ConfirmPTHasValueCPT"/>
  <testcase name="confirmPTHasValueCPT_ArticlePage" time="39.442" classname="com.toh.wpqa_65_check_for_key_value_pt.ConfirmPTHasValueCPT"/>
  <testcase name="confirmPTHasValueCPT_HubPage" time="23.996" classname="com.toh.wpqa_65_check_for_key_value_pt.ConfirmPTHasValueCPT"/>
  <testcase name="confirmPTHasValueCPT_SlideshowPage" time="23.877" classname="com.toh.wpqa_65_check_for_key_value_pt.ConfirmPTHasValueCPT"/>
  <testcase name="confirmPTHasValueCPT_ListiclePage" time="36.095" classname="com.toh.wpqa_65_check_for_key_value_pt.ConfirmPTHasValueCPT"/>
  <testcase name="confirmPTHasValueCPT_ContactUsPage" time="23.934" classname="com.toh.wpqa_65_check_for_key_value_pt.ConfirmPTHasValueCPT"/>
  <testcase name="confirmPTHasValueCPT_HomePage" time="23.926" classname="com.toh.wpqa_65_check_for_key_value_pt.ConfirmPTHasValueCPT"/>
</testsuite> <!-- com.toh.wpqa_65_check_for_key_value_pt.ConfirmPTHasValueCPT -->
