<?xml version="1.0" encoding="UTF-8"?>
<!-- Generated by org.testng.reporters.JUnitReportReporter -->
<testsuite skipped="0" hostname="BLR-P7110592L" name="com.toh.testCase.TestCase" tests="1" failures="0" timestamp="24 Oct 2018 12:15:08 GMT" time="14.985" errors="0">
  <testcase name="login" time="14.985" classname="com.toh.testCase.TestCase"/>
</testsuite> <!-- com.toh.testCase.TestCase -->
