<?xml version="1.0" encoding="UTF-8"?>
<!-- Generated by org.testng.reporters.JUnitReportReporter -->
<testsuite hostname="BLR-P7110592L" name="com.toh.browserStack.BrowserStackTest" tests="1" failures="0" timestamp="17 Jun 2019 15:35:08 GMT" time="21.452" errors="0">
  <testcase name="openTest" time="21.452" classname="com.toh.browserStack.BrowserStackTest"/>
</testsuite> <!-- com.toh.browserStack.BrowserStackTest -->
