<?xml version="1.0" encoding="UTF-8"?>
<!-- Generated by org.testng.reporters.JUnitReportReporter -->
<testsuite hostname="BLR-P7110592L" name="com.toh.wpqa_65_check_for_key_value_category.ConfirmCategoryHasValueFHM" tests="2" failures="0" timestamp="27 Jun 2019 09:05:51 GMT" time="77.363" errors="0">
  <testcase name="confirmCategoryHasValueFHM_VideoHubPage" time="37.377" classname="com.toh.wpqa_65_check_for_key_value_category.ConfirmCategoryHasValueFHM"/>
  <testcase name="confirmCategoryHasValueFHM_HomePage" time="39.986" classname="com.toh.wpqa_65_check_for_key_value_category.ConfirmCategoryHasValueFHM"/>
</testsuite> <!-- com.toh.wpqa_65_check_for_key_value_category.ConfirmCategoryHasValueFHM -->
