<?xml version="1.0" encoding="UTF-8"?>
<!-- Generated by org.testng.reporters.JUnitReportReporter -->
<testsuite hostname="BLR-P7111163" name="com.toh.wpqa_65_check_for_key_value_pt.ConfirmURLHasValueRD" tests="8" failures="0" timestamp="4 Jul 2019 07:48:08 GMT" time="489.273" errors="0">
  <testcase name="confirmURLHasValueRD_HubPage" time="39.589" classname="com.toh.wpqa_65_check_for_key_value_pt.ConfirmURLHasValueRD"/>
  <testcase name="confirmURLHasValueRD_VideoHubPage" time="26.933" classname="com.toh.wpqa_65_check_for_key_value_pt.ConfirmURLHasValueRD"/>
  <testcase name="confirmURLHasValueRD_AboutPage" time="123.550" classname="com.toh.wpqa_65_check_for_key_value_pt.ConfirmURLHasValueRD"/>
  <testcase name="confirmURLHasValueRD_ListiclePage" time="60.579" classname="com.toh.wpqa_65_check_for_key_value_pt.ConfirmURLHasValueRD"/>
  <testcase name="confirmURLHasValueRD_HomePage" time="91.206" classname="com.toh.wpqa_65_check_for_key_value_pt.ConfirmURLHasValueRD"/>
  <testcase name="confirmURLHasValueRD_SlideshowPage" time="49.009" classname="com.toh.wpqa_65_check_for_key_value_pt.ConfirmURLHasValueRD"/>
  <testcase name="confirmURLHasValueRD_ArticlePage" time="57.418" classname="com.toh.wpqa_65_check_for_key_value_pt.ConfirmURLHasValueRD"/>
  <testcase name="confirmURLHasValueRD_JokeHubPage" time="40.989" classname="com.toh.wpqa_65_check_for_key_value_pt.ConfirmURLHasValueRD"/>
</testsuite> <!-- com.toh.wpqa_65_check_for_key_value_pt.ConfirmURLHasValueRD -->
