<?xml version="1.0" encoding="UTF-8"?>
<!-- Generated by org.testng.reporters.JUnitReportReporter -->
<testsuite hostname="BLR-P7113369LP" failures="0" tests="4" name="Tests_POST" time="2.894" errors="0" timestamp="2022-11-17T15:55:10 IST" skipped="0">
  <testcase classname="Tests_POST" name="test01_put" time="0.404"/>
  <system-out/>
  <testcase classname="Tests_POST" name="test01_delete" time="1.597"/>
  <system-out/>
  <testcase classname="Tests_POST" name="test01_post" time="0.432"/>
  <system-out/>
  <testcase classname="Tests_POST" name="test01_patch" time="0.461"/>
  <system-out/>
</testsuite> <!-- Tests_POST -->
