<?xml version="1.0" encoding="UTF-8"?>
<!-- Generated by org.testng.reporters.JUnitReportReporter -->
<testsuite hostname="BLR-P7113369LP" failures="0" tests="2" name="tests.TestLogin" time="26.223" errors="0" timestamp="2022-05-31T18:40:55 IST" skipped="0">
  <testcase classname="tests.TestLogin" name="verifyLoggedInUser" time="15.992"/>
  <system-out/>
  <testcase classname="tests.TestLogin" name="loginToVwo" time="10.231"/>
  <system-out/>
</testsuite> <!-- tests.TestLogin -->
