<?xml version="1.0" encoding="UTF-8"?>
<!-- Generated by org.testng.reporters.JUnitReportReporter -->
<testsuite hostname="BLR-P7113369LP" failures="0" tests="1" name="com.qa.rest.tests.GetCallBDD" time="1.642" errors="0" timestamp="2022-06-01T13:12:10 IST" skipped="0">
  <testcase classname="com.qa.rest.tests.GetCallBDD" name="test_noOfCircuitsFor2017_season" time="1.642"/>
  <system-out/>
</testsuite> <!-- com.qa.rest.tests.GetCallBDD -->
